Flow report for vga
Mon Sep 09 14:28:28 2019
Quartus II Version 8.1 Build 163 10/28/2008 SJ Full Version


---------------------
; Table of Contents ;
---------------------
  1. Legal Notice
  2. Flow Summary
  3. Flow Settings
  4. Flow Non-Default Global Settings
  5. Flow Elapsed Time
  6. Flow OS Summary
  7. Flow Log



----------------
; Legal Notice ;
----------------
Copyright (C) 1991-2008 Altera Corporation
Your use of Altera Corporation's design tools, logic functions 
and other software and tools, and its AMPP partner logic 
functions, and any output files from any of the foregoing 
(including device programming or simulation files), and any 
associated documentation or information are expressly subject 
to the terms and conditions of the Altera Program License 
Subscription Agreement, Altera MegaCore Function License 
Agreement, or other applicable license agreement, including, 
without limitation, that your use is for the sole purpose of 
programming logic devices manufactured by Altera and sold by 
Altera or its authorized distributors.  Please refer to the 
applicable agreement for further details.



+-------------------------------------------------------------------------------+
; Flow Summary                                                                  ;
+------------------------------------+------------------------------------------+
; Flow Status                        ; Successful - Mon Sep 09 14:28:26 2019    ;
; Quartus II Version                 ; 8.1 Build 163 10/28/2008 SJ Full Version ;
; Revision Name                      ; vga                                      ;
; Top-level Entity Name              ; img                                      ;
; Family                             ; Cyclone III                              ;
; Device                             ; EP3C40Q240C8                             ;
; Timing Models                      ; Final                                    ;
; Met timing requirements            ; N/A                                      ;
; Total logic elements               ; 742 / 39,600 ( 2 % )                     ;
;     Total combinational functions  ; 718 / 39,600 ( 2 % )                     ;
;     Dedicated logic registers      ; 188 / 39,600 ( < 1 % )                   ;
; Total registers                    ; 188                                      ;
; Total pins                         ; 21 / 129 ( 16 % )                        ;
; Total virtual pins                 ; 0                                        ;
; Total memory bits                  ; 61,952 / 1,161,216 ( 5 % )               ;
; Embedded Multiplier 9-bit elements ; 0 / 252 ( 0 % )                          ;
; Total PLLs                         ; 0 / 4 ( 0 % )                            ;
+------------------------------------+------------------------------------------+


+-----------------------------------------+
; Flow Settings                           ;
+-------------------+---------------------+
; Option            ; Setting             ;
+-------------------+---------------------+
; Start date & time ; 09/09/2019 14:28:09 ;
; Main task         ; Compilation         ;
; Revision Name     ; vga                 ;
+-------------------+---------------------+


+------------------------------------------------------------------------------------------------------------------------------------------------------------+
; Flow Non-Default Global Settings                                                                                                                           ;
+------------------------------------+---------------------------------------------------------+------------------------------+-------------+----------------+
; Assignment Name                    ; Value                                                   ; Default Value                ; Entity Name ; Section Id     ;
+------------------------------------+---------------------------------------------------------+------------------------------+-------------+----------------+
; COMPILER_SIGNATURE_ID              ; 168151383198021.156801048903716                         ; --                           ; --          ; --             ;
; ENABLE_ADVANCED_IO_TIMING          ; On                                                      ; --                           ; --          ; --             ;
; INCREMENTAL_COMPILATION            ; Off                                                     ; FULL_INCREMENTAL_COMPILATION ; --          ; --             ;
; IP_TOOL_NAME                       ; RAM: 2-PORT                                             ; --                           ; --          ; --             ;
; IP_TOOL_NAME                       ; ROM: 1-PORT                                             ; --                           ; --          ; --             ;
; IP_TOOL_VERSION                    ; 8.1                                                     ; --                           ; --          ; --             ;
; IP_TOOL_VERSION                    ; 8.1                                                     ; --                           ; --          ; --             ;
; MAX_CORE_JUNCTION_TEMP             ; 85                                                      ; --                           ; --          ; --             ;
; MIN_CORE_JUNCTION_TEMP             ; 0                                                       ; --                           ; --          ; --             ;
; MISC_FILE                          ; ram_test.cmp                                            ; --                           ; --          ; --             ;
; MISC_FILE                          ; hfut.bsf                                                ; --                           ; --          ; --             ;
; MISC_FILE                          ; hfut.cmp                                                ; --                           ; --          ; --             ;
; MISC_FILE                          ; C:/Users/Administrator/Desktop/自己1/整合/final/vga.dpf ; --                           ; --          ; --             ;
; MISC_FILE                          ; C:/Users/Administrator/Desktop/yanshou/final/vga.dpf    ; --                           ; --          ; --             ;
; NOMINAL_CORE_SUPPLY_VOLTAGE        ; 1.2V                                                    ; --                           ; --          ; --             ;
; TIMEQUEST_MULTICORNER_ANALYSIS     ; Off                                                     ; On                           ; --          ; --             ;
; TOP_LEVEL_ENTITY                   ; IMG                                                     ; vga                          ; --          ; --             ;
; USE_GENERATED_PHYSICAL_CONSTRAINTS ; Off                                                     ; --                           ; --          ; eda_blast_fpga ;
+------------------------------------+---------------------------------------------------------+------------------------------+-------------+----------------+


+-------------------------------------------------------------------------------------------------------------------------------+
; Flow Elapsed Time                                                                                                             ;
+---------------------------+--------------+-------------------------+---------------------+------------------------------------+
; Module Name               ; Elapsed Time ; Average Processors Used ; Peak Virtual Memory ; Total CPU Time (on all processors) ;
+---------------------------+--------------+-------------------------+---------------------+------------------------------------+
; Analysis & Synthesis      ; 00:00:04     ; 1.0                     ; 223 MB              ; 00:00:04                           ;
; Fitter                    ; 00:00:08     ; 1.0                     ; 316 MB              ; 00:00:08                           ;
; Assembler                 ; 00:00:03     ; 1.0                     ; 258 MB              ; 00:00:02                           ;
; TimeQuest Timing Analyzer ; 00:00:01     ; 1.0                     ; 199 MB              ; 00:00:01                           ;
; Total                     ; 00:00:16     ; --                      ; --                  ; 00:00:15                           ;
+---------------------------+--------------+-------------------------+---------------------+------------------------------------+


+--------------------------------------------------------------------------------------------+
; Flow OS Summary                                                                            ;
+---------------------------+------------------+---------------+------------+----------------+
; Module Name               ; Machine Hostname ; OS Name       ; OS Version ; Processor type ;
+---------------------------+------------------+---------------+------------+----------------+
; Analysis & Synthesis      ; A76              ; Windows Vista ; 6.1        ; i686           ;
; Fitter                    ; A76              ; Windows Vista ; 6.1        ; i686           ;
; Assembler                 ; A76              ; Windows Vista ; 6.1        ; i686           ;
; TimeQuest Timing Analyzer ; A76              ; Windows Vista ; 6.1        ; i686           ;
+---------------------------+------------------+---------------+------------+----------------+


------------
; Flow Log ;
------------
quartus_map --read_settings_files=on --write_settings_files=off vga -c vga
quartus_fit --read_settings_files=off --write_settings_files=off vga -c vga
quartus_asm --read_settings_files=off --write_settings_files=off vga -c vga
quartus_sta vga -c vga



